<?xml version="1.0" encoding="UTF-8"?>
<!-- Generated by org.testng.reporters.JUnitReportReporter -->
<testsuite skipped="0" hostname="TalanBILL-2018" name="org.example.NewTest" tests="2" failures="0" timestamp="27 dÃ©c. 2018 15:38:23 GMT" time="11.709" errors="0">
  <testcase name="f2" time="9.041" classname="org.example.NewTest"/>
  <testcase name="f" time="2.668" classname="org.example.NewTest"/>
</testsuite> <!-- org.example.NewTest -->
